<?xml version="1.0" encoding="UTF-8"?>
<!-- Generated by org.testng.reporters.JUnitReportReporter -->
<testsuite hostname="DESKTOP-ICLD36V" failures="0" tests="1" name="testsuite.Test_fdroid" time="104.187" errors="0" timestamp="2024-07-29T16:41:33 IST" skipped="0">
  <testcase classname="testsuite.Test_fdroid" name="test1" time="104.187"/>
  <system-out/>
</testsuite> <!-- testsuite.Test_fdroid -->
